mode: set
github.com/Natt-S10/LMWN-assesment/internal/services/covid/summary.go:15.54,24.16 3 1
github.com/Natt-S10/LMWN-assesment/internal/services/covid/summary.go:24.16,27.3 2 1
github.com/Natt-S10/LMWN-assesment/internal/services/covid/summary.go:28.2,33.57 4 1
github.com/Natt-S10/LMWN-assesment/internal/services/covid/summary.go:33.57,36.3 2 0
github.com/Natt-S10/LMWN-assesment/internal/services/covid/summary.go:38.2,38.23 1 1
github.com/Natt-S10/LMWN-assesment/internal/services/covid/summary.go:41.71,46.40 2 1
github.com/Natt-S10/LMWN-assesment/internal/services/covid/summary.go:46.40,48.24 1 1
github.com/Natt-S10/LMWN-assesment/internal/services/covid/summary.go:48.24,50.17 2 1
github.com/Natt-S10/LMWN-assesment/internal/services/covid/summary.go:50.17,52.5 1 1
github.com/Natt-S10/LMWN-assesment/internal/services/covid/summary.go:52.10,52.24 1 1
github.com/Natt-S10/LMWN-assesment/internal/services/covid/summary.go:52.24,54.5 1 1
github.com/Natt-S10/LMWN-assesment/internal/services/covid/summary.go:54.10,54.24 1 1
github.com/Natt-S10/LMWN-assesment/internal/services/covid/summary.go:54.24,56.5 1 1
github.com/Natt-S10/LMWN-assesment/internal/services/covid/summary.go:57.9,59.4 1 1
github.com/Natt-S10/LMWN-assesment/internal/services/covid/summary.go:62.3,62.28 1 1
github.com/Natt-S10/LMWN-assesment/internal/services/covid/summary.go:62.28,64.4 1 1
github.com/Natt-S10/LMWN-assesment/internal/services/covid/summary.go:64.9,66.4 1 1
github.com/Natt-S10/LMWN-assesment/internal/services/covid/summary.go:69.2,69.21 1 1
github.com/Natt-S10/LMWN-assesment/internal/services/covid/summary.go:72.43,74.16 2 1
github.com/Natt-S10/LMWN-assesment/internal/services/covid/summary.go:74.16,78.3 3 1
github.com/Natt-S10/LMWN-assesment/internal/services/covid/summary.go:80.2,82.21 2 1
